<?xml version="1.0" encoding="UTF-8"?>
<!-- Generated by org.testng.reporters.JUnitXMLReporter -->
<testsuite ignored="0" hostname="DESKTOP-US9O7O0" failures="0" tests="2" name="Default test" time="65.585" errors="0" timestamp="2023-03-03T21:07:27 CST">
  <testcase classname="com.docker.selenoid.selenoiddockertest.RunSelenoidTest" name="selenoidChromeTest" time="24.832"/>
  <testcase classname="com.docker.selenoid.selenoiddockertest.RunSelenoidTest" name="selenoidFirefoxTest" time="40.583"/>
</testsuite> <!-- Default test -->
