<?xml version="1.0" encoding="UTF-8"?>
<testng-results ignored="0" total="2" passed="2" failed="0" skipped="0">
  <reporter-output>
  </reporter-output>
  <suite started-at="2023-03-03T21:06:21 CST" name="Default suite" finished-at="2023-03-03T21:07:27 CST" duration-ms="65585">
    <groups>
    </groups>
    <test started-at="2023-03-03T21:06:21 CST" name="Default test" finished-at="2023-03-03T21:07:27 CST" duration-ms="65585">
      <class name="com.docker.selenoid.selenoiddockertest.RunSelenoidTest">
        <test-method signature="selenoidChromeTest()[pri:0, instance:com.docker.selenoid.selenoiddockertest.RunSelenoidTest@3e84448c]" started-at="2023-03-03T21:06:21 CST" name="selenoidChromeTest" finished-at="2023-03-03T21:06:46 CST" duration-ms="24832" status="PASS">
          <reporter-output>
          </reporter-output>
        </test-method> <!-- selenoidChromeTest -->
        <test-method signature="selenoidFirefoxTest()[pri:0, instance:com.docker.selenoid.selenoiddockertest.RunSelenoidTest@3e84448c]" started-at="2023-03-03T21:06:46 CST" name="selenoidFirefoxTest" finished-at="2023-03-03T21:07:27 CST" duration-ms="40583" status="PASS">
          <reporter-output>
          </reporter-output>
        </test-method> <!-- selenoidFirefoxTest -->
      </class> <!-- com.docker.selenoid.selenoiddockertest.RunSelenoidTest -->
    </test> <!-- Default test -->
  </suite> <!-- Default suite -->
</testng-results>
